<?xml version="1.0" encoding="UTF-8"?>
<testng-results ignored="0" total="2" passed="2" failed="0" skipped="0">
  <reporter-output>
  </reporter-output>
  <suite started-at="2022-02-09T18:24:29Z" name="Suite" finished-at="2022-02-09T18:24:49Z" duration-ms="19836">
    <groups>
    </groups>
    <test started-at="2022-02-09T18:24:29Z" name="Test" finished-at="2022-02-09T18:24:49Z" duration-ms="19836">
      <class name="com.ap.tests.LoginpageTests">
        <test-method signature="test1()[pri:0, instance:com.ap.tests.LoginpageTests@10aa41f2]" started-at="2022-02-09T18:24:29Z" name="test1" finished-at="2022-02-09T18:24:39Z" duration-ms="10193" status="PASS">
          <reporter-output>
          </reporter-output>
        </test-method> <!-- test1 -->
        <test-method signature="test2()[pri:0, instance:com.ap.tests.LoginpageTests@10aa41f2]" started-at="2022-02-09T18:24:39Z" name="test2" finished-at="2022-02-09T18:24:49Z" duration-ms="9621" status="PASS">
          <reporter-output>
          </reporter-output>
        </test-method> <!-- test2 -->
      </class> <!-- com.ap.tests.LoginpageTests -->
    </test> <!-- Test -->
  </suite> <!-- Suite -->
</testng-results>
